{"level":"info","message":"Request processed - SLOW: 588.08ms - POST /api/v1/user/login","method":"POST","responseTime":"588.08ms","service":"default-service-name","statusCode":200,"timeCategory":"SLOW","timestamp":"2026-02-03 10:29:49","url":"/api/v1/user/login"}
{"level":"info","message":"Request processed - VERY FAST: 61.76ms - POST /api/v1/priority","method":"POST","responseTime":"61.76ms","service":"default-service-name","statusCode":409,"timeCategory":"VERY FAST","timestamp":"2026-02-03 10:30:20","url":"/api/v1/priority"}
{"level":"info","message":"Request processed - VERY FAST: 4.64ms - POST /api/v1/task/create","method":"POST","responseTime":"4.64ms","service":"default-service-name","statusCode":400,"timeCategory":"VERY FAST","timestamp":"2026-02-03 10:30:31","url":"/api/v1/task/create"}
{"level":"info","message":"Request processed - FAST: 156.55ms - POST /api/v1/task/create","method":"POST","responseTime":"156.55ms","service":"default-service-name","statusCode":200,"timeCategory":"FAST","timestamp":"2026-02-03 10:30:47","url":"/api/v1/task/create"}
{"level":"info","message":"Request processed - VERY FAST: 1.83ms - POST /api/v1/api/v1/status","method":"POST","responseTime":"1.83ms","service":"default-service-name","statusCode":404,"timeCategory":"VERY FAST","timestamp":"2026-02-03 10:56:37","url":"/api/v1/api/v1/status"}
{"level":"info","message":"Request processed - NORMAL: 441.94ms - POST /api/v1/status","method":"POST","responseTime":"441.94ms","service":"default-service-name","statusCode":201,"timeCategory":"NORMAL","timestamp":"2026-02-03 10:56:47","url":"/api/v1/status"}
{"level":"info","message":"Request processed - VERY FAST: 16.51ms - POST /api/v1/task/create","method":"POST","responseTime":"16.51ms","service":"default-service-name","statusCode":400,"timeCategory":"VERY FAST","timestamp":"2026-02-03 11:05:32","url":"/api/v1/task/create"}
{"level":"info","message":"Request processed - VERY FAST: 9.08ms - POST /api/v1/task/create","method":"POST","responseTime":"9.08ms","service":"default-service-name","statusCode":400,"timeCategory":"VERY FAST","timestamp":"2026-02-03 11:14:55","url":"/api/v1/task/create"}
{"level":"info","message":"Request processed - VERY FAST: 9.82ms - POST /api/v1/task/create","method":"POST","responseTime":"9.82ms","service":"default-service-name","statusCode":500,"timeCategory":"VERY FAST","timestamp":"2026-02-03 11:17:36","url":"/api/v1/task/create"}
{"level":"info","message":"Request processed - NORMAL: 291.80ms - POST /api/v1/task/create","method":"POST","responseTime":"291.80ms","service":"default-service-name","statusCode":404,"timeCategory":"NORMAL","timestamp":"2026-02-03 11:18:01","url":"/api/v1/task/create"}
{"level":"info","message":"Request processed - NORMAL: 380.97ms - POST /api/v1/task/create","method":"POST","responseTime":"380.97ms","service":"default-service-name","statusCode":200,"timeCategory":"NORMAL","timestamp":"2026-02-03 11:18:38","url":"/api/v1/task/create"}
{"level":"info","message":"Request processed - VERY FAST: 0.44ms - GET /djibouti3-767812791.png","method":"GET","responseTime":"0.44ms","service":"default-service-name","statusCode":404,"timeCategory":"VERY FAST","timestamp":"2026-02-03 11:18:41","url":"/djibouti3-767812791.png"}
{"level":"info","message":"Request processed - VERY FAST: 0.20ms - GET /favicon.ico","method":"GET","responseTime":"0.20ms","service":"default-service-name","statusCode":404,"timeCategory":"VERY FAST","timestamp":"2026-02-03 11:18:41","url":"/favicon.ico"}
{"level":"info","message":"Request processed - SLOW: 591.87ms - GET /api/v1/task/my-tasks","method":"GET","responseTime":"591.87ms","service":"default-service-name","statusCode":200,"timeCategory":"SLOW","timestamp":"2026-02-03 11:33:35","url":"/api/v1/task/my-tasks"}
{"level":"info","message":"Request processed - NORMAL: 387.20ms - GET /api/v1/task/my-tasks","method":"GET","responseTime":"387.20ms","service":"default-service-name","statusCode":200,"timeCategory":"NORMAL","timestamp":"2026-02-03 11:38:02","url":"/api/v1/task/my-tasks"}
{"level":"info","message":"Request processed - NORMAL: 304.05ms - GET /api/v1/task/my-tasks","method":"GET","responseTime":"304.05ms","service":"default-service-name","statusCode":200,"timeCategory":"NORMAL","timestamp":"2026-02-03 11:38:24","url":"/api/v1/task/my-tasks"}
{"level":"info","message":"Request processed - FAST: 117.00ms - GET /api/v1/task/my-tasks","method":"GET","responseTime":"117.00ms","service":"default-service-name","statusCode":200,"timeCategory":"FAST","timestamp":"2026-02-03 12:01:37","url":"/api/v1/task/my-tasks"}
{"level":"info","message":"Request processed - SLOW: 853.08ms - GET /api/v1/task/my-tasks","method":"GET","responseTime":"853.08ms","service":"default-service-name","statusCode":200,"timeCategory":"SLOW","timestamp":"2026-02-03 12:06:55","url":"/api/v1/task/my-tasks"}
{"level":"info","message":"Request processed - SLOW: 611.21ms - POST /api/v1/task/create","method":"POST","responseTime":"611.21ms","service":"default-service-name","statusCode":200,"timeCategory":"SLOW","timestamp":"2026-02-03 12:09:14","url":"/api/v1/task/create"}
{"level":"info","message":"Request processed - FAST: 153.36ms - GET /api/v1/task/my-tasks","method":"GET","responseTime":"153.36ms","service":"default-service-name","statusCode":200,"timeCategory":"FAST","timestamp":"2026-02-03 12:09:20","url":"/api/v1/task/my-tasks"}
{"level":"info","message":"Request processed - FAST: 127.80ms - GET /api/v1/task/6981910a32f5f117b4b2b715","method":"GET","responseTime":"127.80ms","service":"default-service-name","statusCode":400,"timeCategory":"FAST","timestamp":"2026-02-03 12:17:01","url":"/api/v1/task/6981910a32f5f117b4b2b715"}
{"level":"info","message":"Request processed - VERY FAST: 3.12ms - GET /api/v1/task/6981910a32f5f117b4b2b715","method":"GET","responseTime":"3.12ms","service":"default-service-name","statusCode":400,"timeCategory":"VERY FAST","timestamp":"2026-02-03 12:17:27","url":"/api/v1/task/6981910a32f5f117b4b2b715"}
{"level":"info","message":"Request processed - VERY FAST: 63.74ms - GET /api/v1/task/6981910a32f5f117b4b2b715","method":"GET","responseTime":"63.74ms","service":"default-service-name","statusCode":400,"timeCategory":"VERY FAST","timestamp":"2026-02-03 12:19:37","url":"/api/v1/task/6981910a32f5f117b4b2b715"}
{"level":"info","message":"Request processed - VERY FAST: 14.23ms - GET /api/v1/task/6981910a32f5f117b4b2b715","method":"GET","responseTime":"14.23ms","service":"default-service-name","statusCode":400,"timeCategory":"VERY FAST","timestamp":"2026-02-03 12:21:09","url":"/api/v1/task/6981910a32f5f117b4b2b715"}
{"level":"info","message":"Request processed - VERY FAST: 61.61ms - GET /api/v1/task/6981910a32f5f117b4b2b715","method":"GET","responseTime":"61.61ms","service":"default-service-name","statusCode":400,"timeCategory":"VERY FAST","timestamp":"2026-02-03 12:21:25","url":"/api/v1/task/6981910a32f5f117b4b2b715"}
{"level":"info","message":"Request processed - VERY FAST: 15.05ms - GET /api/v1/task/6981910a32f5f117b4b2b715","method":"GET","responseTime":"15.05ms","service":"default-service-name","statusCode":400,"timeCategory":"VERY FAST","timestamp":"2026-02-03 12:21:55","url":"/api/v1/task/6981910a32f5f117b4b2b715"}
{"level":"info","message":"Request processed - NORMAL: 341.21ms - GET /api/v1/task/6981910a32f5f117b4b2b715","method":"GET","responseTime":"341.21ms","service":"default-service-name","statusCode":200,"timeCategory":"NORMAL","timestamp":"2026-02-03 12:23:38","url":"/api/v1/task/6981910a32f5f117b4b2b715"}
