{"level":"info","message":"Request processed - VERY FAST: 2.30ms - POST /api/v1/auth/signin","method":"POST","responseTime":"2.30ms","service":"default-service-name","statusCode":404,"timeCategory":"VERY FAST","timestamp":"2026-02-02 10:07:09","url":"/api/v1/auth/signin"}
{"level":"info","message":"Request processed - SLOW: 582.45ms - POST /api/v1/user/login","method":"POST","responseTime":"582.45ms","service":"default-service-name","statusCode":401,"timeCategory":"SLOW","timestamp":"2026-02-02 10:07:22","url":"/api/v1/user/login"}
{"level":"info","message":"Request processed - NORMAL: 339.71ms - POST /api/v1/user/login","method":"POST","responseTime":"339.71ms","service":"default-service-name","statusCode":200,"timeCategory":"NORMAL","timestamp":"2026-02-02 10:07:34","url":"/api/v1/user/login"}
{"level":"info","message":"Request processed - VERY FAST: 7.00ms - POST /api/v1/status","method":"POST","responseTime":"7.00ms","service":"default-service-name","statusCode":401,"timeCategory":"VERY FAST","timestamp":"2026-02-02 10:11:17","url":"/api/v1/status"}
{"level":"info","message":"Request processed - VERY FAST: 2.98ms - POST /api/v1/status","method":"POST","responseTime":"2.98ms","service":"default-service-name","statusCode":401,"timeCategory":"VERY FAST","timestamp":"2026-02-02 10:11:49","url":"/api/v1/status"}
{"level":"info","message":"Request processed - SLOW: 709.12ms - POST /api/v1/user/login","method":"POST","responseTime":"709.12ms","service":"default-service-name","statusCode":200,"timeCategory":"SLOW","timestamp":"2026-02-02 10:12:00","url":"/api/v1/user/login"}
{"level":"info","message":"Request processed - NORMAL: 252.59ms - PATCH /api/v1/user/update-profile","method":"PATCH","responseTime":"252.59ms","service":"default-service-name","statusCode":200,"timeCategory":"NORMAL","timestamp":"2026-02-02 10:12:12","url":"/api/v1/user/update-profile"}
{"level":"info","message":"Request processed - FAST: 166.41ms - POST /api/v1/status","method":"POST","responseTime":"166.41ms","service":"default-service-name","statusCode":201,"timeCategory":"FAST","timestamp":"2026-02-02 10:12:25","url":"/api/v1/status"}
{"level":"info","message":"Request processed - VERY FAST: 2.37ms - POST /api/v1/status/all","method":"POST","responseTime":"2.37ms","service":"default-service-name","statusCode":404,"timeCategory":"VERY FAST","timestamp":"2026-02-02 10:28:02","url":"/api/v1/status/all"}
{"level":"info","message":"Request processed - NORMAL: 403.30ms - GET /api/v1/status/all","method":"GET","responseTime":"403.30ms","service":"default-service-name","statusCode":200,"timeCategory":"NORMAL","timestamp":"2026-02-02 10:28:09","url":"/api/v1/status/all"}
{"level":"info","message":"Request processed - NORMAL: 348.42ms - GET /api/v1/status/all","method":"GET","responseTime":"348.42ms","service":"default-service-name","statusCode":200,"timeCategory":"NORMAL","timestamp":"2026-02-02 10:32:16","url":"/api/v1/status/all"}
{"level":"info","message":"Request processed - NORMAL: 234.66ms - POST /api/v1/status","method":"POST","responseTime":"234.66ms","service":"default-service-name","statusCode":500,"timeCategory":"NORMAL","timestamp":"2026-02-02 10:32:47","url":"/api/v1/status"}
{"level":"info","message":"Request processed - FAST: 147.31ms - POST /api/v1/status","method":"POST","responseTime":"147.31ms","service":"default-service-name","statusCode":201,"timeCategory":"FAST","timestamp":"2026-02-02 10:33:36","url":"/api/v1/status"}
{"level":"info","message":"Request processed - VERY FAST: 87.48ms - POST /api/v1/status","method":"POST","responseTime":"87.48ms","service":"default-service-name","statusCode":500,"timeCategory":"VERY FAST","timestamp":"2026-02-02 10:33:39","url":"/api/v1/status"}
{"level":"info","message":"Request processed - NORMAL: 403.16ms - POST /api/v1/status","method":"POST","responseTime":"403.16ms","service":"default-service-name","statusCode":409,"timeCategory":"NORMAL","timestamp":"2026-02-02 10:36:14","url":"/api/v1/status"}
{"level":"info","message":"Request processed - NORMAL: 463.70ms - POST /api/v1/status","method":"POST","responseTime":"463.70ms","service":"default-service-name","statusCode":409,"timeCategory":"NORMAL","timestamp":"2026-02-02 10:36:44","url":"/api/v1/status"}
{"level":"info","message":"Request processed - NORMAL: 438.10ms - POST /api/v1/status","method":"POST","responseTime":"438.10ms","service":"default-service-name","statusCode":409,"timeCategory":"NORMAL","timestamp":"2026-02-02 10:36:50","url":"/api/v1/status"}
{"level":"info","message":"Request processed - VERY FAST: 59.59ms - GET /api/v1/status/all","method":"GET","responseTime":"59.59ms","service":"default-service-name","statusCode":200,"timeCategory":"VERY FAST","timestamp":"2026-02-02 10:36:55","url":"/api/v1/status/all"}
{"level":"info","message":"Request processed - NORMAL: 427.37ms - POST /api/v1/status","method":"POST","responseTime":"427.37ms","service":"default-service-name","statusCode":409,"timeCategory":"NORMAL","timestamp":"2026-02-02 11:03:23","url":"/api/v1/status"}
{"level":"info","message":"Request processed - FAST: 165.61ms - POST /api/v1/status","method":"POST","responseTime":"165.61ms","service":"default-service-name","statusCode":201,"timeCategory":"FAST","timestamp":"2026-02-02 11:03:29","url":"/api/v1/status"}
{"level":"info","message":"Request processed - NORMAL: 301.43ms - GET /api/v1/status/all","method":"GET","responseTime":"301.43ms","service":"default-service-name","statusCode":200,"timeCategory":"NORMAL","timestamp":"2026-02-02 11:04:08","url":"/api/v1/status/all"}
{"level":"info","message":"Request processed - FAST: 188.24ms - POST /api/v1/status","method":"POST","responseTime":"188.24ms","service":"default-service-name","statusCode":201,"timeCategory":"FAST","timestamp":"2026-02-02 11:04:18","url":"/api/v1/status"}
{"level":"info","message":"Request processed - VERY FAST: 0.24ms - GET /status/698030529b6fc189f356510c","method":"GET","responseTime":"0.24ms","service":"default-service-name","statusCode":404,"timeCategory":"VERY FAST","timestamp":"2026-02-02 11:04:26","url":"/status/698030529b6fc189f356510c"}
{"level":"info","message":"Request processed - VERY FAST: 0.17ms - GET /status/698030529b6fc189f356510c","method":"GET","responseTime":"0.17ms","service":"default-service-name","statusCode":404,"timeCategory":"VERY FAST","timestamp":"2026-02-02 11:05:07","url":"/status/698030529b6fc189f356510c"}
{"level":"info","message":"Request processed - VERY FAST: 1.03ms - GET /status/698030529b6fc189f356510c","method":"GET","responseTime":"1.03ms","service":"default-service-name","statusCode":404,"timeCategory":"VERY FAST","timestamp":"2026-02-02 11:06:02","url":"/status/698030529b6fc189f356510c"}
{"level":"info","message":"Request processed - VERY FAST: 3.79ms - GET /api/v1/status/698030529b6fc189f356510c","method":"GET","responseTime":"3.79ms","service":"default-service-name","statusCode":401,"timeCategory":"VERY FAST","timestamp":"2026-02-02 11:06:12","url":"/api/v1/status/698030529b6fc189f356510c"}
{"level":"info","message":"Request processed - VERY FAST: 0.23ms - GET /api/v1/api/v1/status/all","method":"GET","responseTime":"0.23ms","service":"default-service-name","statusCode":404,"timeCategory":"VERY FAST","timestamp":"2026-02-02 11:08:02","url":"/api/v1/api/v1/status/all"}
{"level":"info","message":"Request processed - VERY FAST: 45.18ms - GET /api/v1/status/all","method":"GET","responseTime":"45.18ms","service":"default-service-name","statusCode":200,"timeCategory":"VERY FAST","timestamp":"2026-02-02 11:08:14","url":"/api/v1/status/all"}
{"level":"info","message":"Request processed - NORMAL: 273.54ms - GET /api/v1/status/698030529b6fc189f356510c","method":"GET","responseTime":"273.54ms","service":"default-service-name","statusCode":200,"timeCategory":"NORMAL","timestamp":"2026-02-02 11:11:47","url":"/api/v1/status/698030529b6fc189f356510c"}
{"level":"info","message":"Request processed - NORMAL: 452.54ms - GET /api/v1/status/698030529b6fc189f356510c","method":"GET","responseTime":"452.54ms","service":"default-service-name","statusCode":200,"timeCategory":"NORMAL","timestamp":"2026-02-02 12:03:11","url":"/api/v1/status/698030529b6fc189f356510c"}
{"level":"info","message":"Request processed - VERY FAST: 64.29ms - PATCH /api/v1/status/698030529b6fc189f356510c","method":"PATCH","responseTime":"64.29ms","service":"default-service-name","statusCode":400,"timeCategory":"VERY FAST","timestamp":"2026-02-02 12:03:25","url":"/api/v1/status/698030529b6fc189f356510c"}
{"level":"info","message":"Request processed - VERY FAST: 62.57ms - PATCH /api/v1/status/698030529b6fc189f356510c","method":"PATCH","responseTime":"62.57ms","service":"default-service-name","statusCode":400,"timeCategory":"VERY FAST","timestamp":"2026-02-02 12:04:29","url":"/api/v1/status/698030529b6fc189f356510c"}
{"level":"info","message":"Request processed - NORMAL: 262.49ms - GET /api/v1/status/all","method":"GET","responseTime":"262.49ms","service":"default-service-name","statusCode":200,"timeCategory":"NORMAL","timestamp":"2026-02-02 12:04:35","url":"/api/v1/status/all"}
{"level":"info","message":"Request processed - VERY FAST: 2.87ms - PATCH /api/v1/status/698030529b6fc189f356510c","method":"PATCH","responseTime":"2.87ms","service":"default-service-name","statusCode":400,"timeCategory":"VERY FAST","timestamp":"2026-02-02 12:04:42","url":"/api/v1/status/698030529b6fc189f356510c"}
{"level":"info","message":"Request processed - SLOW: 736.71ms - PATCH /api/v1/status/698030529b6fc189f356510c","method":"PATCH","responseTime":"736.71ms","service":"default-service-name","statusCode":400,"timeCategory":"SLOW","timestamp":"2026-02-02 12:11:37","url":"/api/v1/status/698030529b6fc189f356510c"}
{"level":"info","message":"Request processed - VERY FAST: 56.64ms - GET /api/v1/status/all","method":"GET","responseTime":"56.64ms","service":"default-service-name","statusCode":200,"timeCategory":"VERY FAST","timestamp":"2026-02-02 12:11:42","url":"/api/v1/status/all"}
{"level":"info","message":"Request processed - FAST: 104.03ms - PATCH /api/v1/status/698030529b6fc189f356510c","method":"PATCH","responseTime":"104.03ms","service":"default-service-name","statusCode":400,"timeCategory":"FAST","timestamp":"2026-02-02 12:11:50","url":"/api/v1/status/698030529b6fc189f356510c"}
{"level":"info","message":"Request processed - VERY FAST: 6.19ms - PATCH /api/v1/status/698030529b6fc189f356510c","method":"PATCH","responseTime":"6.19ms","service":"default-service-name","statusCode":401,"timeCategory":"VERY FAST","timestamp":"2026-02-02 12:12:51","url":"/api/v1/status/698030529b6fc189f356510c"}
{"level":"info","message":"Request processed - VERY FAST: 0.30ms - POST /api/v1/api/v1/user/login","method":"POST","responseTime":"0.30ms","service":"default-service-name","statusCode":404,"timeCategory":"VERY FAST","timestamp":"2026-02-02 12:12:57","url":"/api/v1/api/v1/user/login"}
{"level":"info","message":"Request processed - SLOW: 511.79ms - POST /api/v1/user/login","method":"POST","responseTime":"511.79ms","service":"default-service-name","statusCode":200,"timeCategory":"SLOW","timestamp":"2026-02-02 12:13:04","url":"/api/v1/user/login"}
{"level":"info","message":"Request processed - VERY FAST: 71.01ms - PATCH /api/v1/status/698030529b6fc189f356510c","method":"PATCH","responseTime":"71.01ms","service":"default-service-name","statusCode":400,"timeCategory":"VERY FAST","timestamp":"2026-02-02 12:13:18","url":"/api/v1/status/698030529b6fc189f356510c"}
{"level":"info","message":"Request processed - NORMAL: 390.22ms - PATCH /api/v1/status/698030529b6fc189f356510c","method":"PATCH","responseTime":"390.22ms","service":"default-service-name","statusCode":400,"timeCategory":"NORMAL","timestamp":"2026-02-02 12:20:10","url":"/api/v1/status/698030529b6fc189f356510c"}
{"level":"info","message":"Request processed - SLOW: 734.86ms - PATCH /api/v1/status/698030529b6fc189f356510c","method":"PATCH","responseTime":"734.86ms","service":"default-service-name","statusCode":200,"timeCategory":"SLOW","timestamp":"2026-02-02 12:29:17","url":"/api/v1/status/698030529b6fc189f356510c"}
{"level":"info","message":"Request processed - NORMAL: 414.64ms - PATCH /api/v1/status/698030529b6fc189f356510c","method":"PATCH","responseTime":"414.64ms","service":"default-service-name","statusCode":200,"timeCategory":"NORMAL","timestamp":"2026-02-02 12:30:53","url":"/api/v1/status/698030529b6fc189f356510c"}
{"level":"info","message":"Request processed - FAST: 145.84ms - PATCH /api/v1/status/698030529b6fc189f356510c","method":"PATCH","responseTime":"145.84ms","service":"default-service-name","statusCode":400,"timeCategory":"FAST","timestamp":"2026-02-02 12:31:01","url":"/api/v1/status/698030529b6fc189f356510c"}
{"level":"info","message":"Request processed - NORMAL: 312.46ms - PATCH /api/v1/status/698030529b6fc189f356510c","method":"PATCH","responseTime":"312.46ms","service":"default-service-name","statusCode":400,"timeCategory":"NORMAL","timestamp":"2026-02-02 12:32:11","url":"/api/v1/status/698030529b6fc189f356510c"}
{"level":"info","message":"Request processed - NORMAL: 452.17ms - PATCH /api/v1/status/698030529b6fc189f356510c","method":"PATCH","responseTime":"452.17ms","service":"default-service-name","statusCode":200,"timeCategory":"NORMAL","timestamp":"2026-02-02 12:33:16","url":"/api/v1/status/698030529b6fc189f356510c"}
{"level":"info","message":"Request processed - VERY FAST: 2.10ms - DELETE /api/v1/698030529b6fc189f356510c","method":"DELETE","responseTime":"2.10ms","service":"default-service-name","statusCode":404,"timeCategory":"VERY FAST","timestamp":"2026-02-02 12:42:53","url":"/api/v1/698030529b6fc189f356510c"}
{"level":"info","message":"Request processed - NORMAL: 420.81ms - DELETE /api/v1/status/698030529b6fc189f356510c","method":"DELETE","responseTime":"420.81ms","service":"default-service-name","statusCode":200,"timeCategory":"NORMAL","timestamp":"2026-02-02 12:43:07","url":"/api/v1/status/698030529b6fc189f356510c"}
{"level":"info","message":"Request processed - VERY FAST: 3.71ms - GET /api/v1/status/all","method":"GET","responseTime":"3.71ms","service":"default-service-name","statusCode":401,"timeCategory":"VERY FAST","timestamp":"2026-02-02 12:43:11","url":"/api/v1/status/all"}
{"level":"info","message":"Request processed - VERY FAST: 46.78ms - GET /api/v1/status/all","method":"GET","responseTime":"46.78ms","service":"default-service-name","statusCode":200,"timeCategory":"VERY FAST","timestamp":"2026-02-02 12:43:16","url":"/api/v1/status/all"}
{"level":"info","message":"Request processed - SLOW: 651.94ms - POST /api/v1/user/login","method":"POST","responseTime":"651.94ms","service":"default-service-name","statusCode":200,"timeCategory":"SLOW","timestamp":"2026-02-02 14:37:19","url":"/api/v1/user/login"}
{"level":"info","message":"Request processed - NORMAL: 247.47ms - POST /api/v1/priority","method":"POST","responseTime":"247.47ms","service":"default-service-name","statusCode":201,"timeCategory":"NORMAL","timestamp":"2026-02-02 14:37:54","url":"/api/v1/priority"}
{"level":"info","message":"Request processed - NORMAL: 332.10ms - POST /api/v1/priority","method":"POST","responseTime":"332.10ms","service":"default-service-name","statusCode":409,"timeCategory":"NORMAL","timestamp":"2026-02-02 14:38:15","url":"/api/v1/priority"}
{"level":"info","message":"Request processed - NORMAL: 435.94ms - GET /api/v1/priority/all","method":"GET","responseTime":"435.94ms","service":"default-service-name","statusCode":200,"timeCategory":"NORMAL","timestamp":"2026-02-02 14:53:24","url":"/api/v1/priority/all"}
{"level":"info","message":"Request processed - NORMAL: 411.39ms - GET /api/v1/priority/all","method":"GET","responseTime":"411.39ms","service":"default-service-name","statusCode":200,"timeCategory":"NORMAL","timestamp":"2026-02-02 15:07:18","url":"/api/v1/priority/all"}
{"level":"info","message":"Request processed - VERY FAST: 63.10ms - GET /api/v1/priority/69806261a2b9176f01e2b170","method":"GET","responseTime":"63.10ms","service":"default-service-name","statusCode":200,"timeCategory":"VERY FAST","timestamp":"2026-02-02 15:08:27","url":"/api/v1/priority/69806261a2b9176f01e2b170"}
{"level":"info","message":"Request processed - NORMAL: 247.53ms - GET /api/v1/priority/69806261a2b9176f01e2b170","method":"GET","responseTime":"247.53ms","service":"default-service-name","statusCode":200,"timeCategory":"NORMAL","timestamp":"2026-02-02 15:24:04","url":"/api/v1/priority/69806261a2b9176f01e2b170"}
{"level":"info","message":"Request processed - VERY FAST: 7.91ms - PATCH /api/v1/priority/69806261a2b9176f01e2b170","method":"PATCH","responseTime":"7.91ms","service":"default-service-name","statusCode":400,"timeCategory":"VERY FAST","timestamp":"2026-02-02 15:24:27","url":"/api/v1/priority/69806261a2b9176f01e2b170"}
{"level":"info","message":"Request processed - VERY FAST: 15.42ms - PATCH /api/v1/priority/69806261a2b9176f01e2b170","method":"PATCH","responseTime":"15.42ms","service":"default-service-name","statusCode":400,"timeCategory":"VERY FAST","timestamp":"2026-02-02 15:26:10","url":"/api/v1/priority/69806261a2b9176f01e2b170"}
{"level":"info","message":"Request processed - VERY FAST: 2.70ms - PATCH /api/v1/priority/69806261a2b9176f01e2b170","method":"PATCH","responseTime":"2.70ms","service":"default-service-name","statusCode":400,"timeCategory":"VERY FAST","timestamp":"2026-02-02 15:26:33","url":"/api/v1/priority/69806261a2b9176f01e2b170"}
{"level":"info","message":"Request processed - SLOW: 574.43ms - GET /api/v1/priority/69806261a2b9176f01e2b170","method":"GET","responseTime":"574.43ms","service":"default-service-name","statusCode":200,"timeCategory":"SLOW","timestamp":"2026-02-02 15:27:01","url":"/api/v1/priority/69806261a2b9176f01e2b170"}
{"level":"info","message":"Request processed - VERY FAST: 1.68ms - PATCH /api/v1/priority/69806261a2b9176f01e2b170","method":"PATCH","responseTime":"1.68ms","service":"default-service-name","statusCode":400,"timeCategory":"VERY FAST","timestamp":"2026-02-02 15:27:09","url":"/api/v1/priority/69806261a2b9176f01e2b170"}
{"level":"info","message":"Request processed - VERY FAST: 13.13ms - PATCH /api/v1/priority/69806261a2b9176f01e2b170","method":"PATCH","responseTime":"13.13ms","service":"default-service-name","statusCode":400,"timeCategory":"VERY FAST","timestamp":"2026-02-02 15:41:12","url":"/api/v1/priority/69806261a2b9176f01e2b170"}
{"level":"info","message":"Request processed - NORMAL: 442.79ms - PATCH /api/v1/priority/69806261a2b9176f01e2b170","method":"PATCH","responseTime":"442.79ms","service":"default-service-name","statusCode":200,"timeCategory":"NORMAL","timestamp":"2026-02-02 15:41:24","url":"/api/v1/priority/69806261a2b9176f01e2b170"}
{"level":"info","message":"Request processed - NORMAL: 209.19ms - PATCH /api/v1/priority/69806261a2b9176f01e2b170","method":"PATCH","responseTime":"209.19ms","service":"default-service-name","statusCode":200,"timeCategory":"NORMAL","timestamp":"2026-02-02 15:41:29","url":"/api/v1/priority/69806261a2b9176f01e2b170"}
{"level":"info","message":"Request processed - NORMAL: 347.50ms - DELETE /api/v1/priority/69806261a2b9176f01e2b170","method":"DELETE","responseTime":"347.50ms","service":"default-service-name","statusCode":200,"timeCategory":"NORMAL","timestamp":"2026-02-02 15:46:31","url":"/api/v1/priority/69806261a2b9176f01e2b170"}
{"level":"info","message":"Request processed - VERY FAST: 51.26ms - GET /api/v1/priority/69806261a2b9176f01e2b170","method":"GET","responseTime":"51.26ms","service":"default-service-name","statusCode":404,"timeCategory":"VERY FAST","timestamp":"2026-02-02 15:46:35","url":"/api/v1/priority/69806261a2b9176f01e2b170"}
{"level":"info","message":"Request processed - VERY FAST: 38.39ms - GET /api/v1/priority/all","method":"GET","responseTime":"38.39ms","service":"default-service-name","statusCode":200,"timeCategory":"VERY FAST","timestamp":"2026-02-02 15:46:41","url":"/api/v1/priority/all"}
{"level":"info","message":"Request processed - FAST: 148.45ms - POST /api/v1/priority","method":"POST","responseTime":"148.45ms","service":"default-service-name","statusCode":201,"timeCategory":"FAST","timestamp":"2026-02-02 15:46:44","url":"/api/v1/priority"}
{"level":"info","message":"Request processed - VERY FAST: 1.45ms - PATCH /api/v1/api/v1/user/update-profile","method":"PATCH","responseTime":"1.45ms","service":"default-service-name","statusCode":404,"timeCategory":"VERY FAST","timestamp":"2026-02-02 16:14:48","url":"/api/v1/api/v1/user/update-profile"}
{"level":"info","message":"Request processed - VERY FAST: 9.61ms - PATCH /api/v1/user/update-profile","method":"PATCH","responseTime":"9.61ms","service":"default-service-name","statusCode":401,"timeCategory":"VERY FAST","timestamp":"2026-02-02 16:14:55","url":"/api/v1/user/update-profile"}
{"level":"info","message":"Request processed - SLOW: 587.21ms - POST /api/v1/user/login","method":"POST","responseTime":"587.21ms","service":"default-service-name","statusCode":200,"timeCategory":"SLOW","timestamp":"2026-02-02 16:15:01","url":"/api/v1/user/login"}
{"level":"info","message":"Request processed - VERY FAST: 1.44ms - GET /cac_three-664344657.JPG","method":"GET","responseTime":"1.44ms","service":"default-service-name","statusCode":404,"timeCategory":"VERY FAST","timestamp":"2026-02-02 16:20:34","url":"/cac_three-664344657.JPG"}
{"level":"info","message":"Request processed - VERY FAST: 0.26ms - GET /favicon.ico","method":"GET","responseTime":"0.26ms","service":"default-service-name","statusCode":404,"timeCategory":"VERY FAST","timestamp":"2026-02-02 16:20:34","url":"/favicon.ico"}
{"level":"info","message":"Request processed - VERY FAST: 1.71ms - GET /cac_three-664344657.JPG","method":"GET","responseTime":"1.71ms","service":"default-service-name","statusCode":404,"timeCategory":"VERY FAST","timestamp":"2026-02-02 16:22:24","url":"/cac_three-664344657.JPG"}
{"level":"info","message":"Request processed - VERY FAST: 0.40ms - GET /cac_three-664344657.JPG","method":"GET","responseTime":"0.40ms","service":"default-service-name","statusCode":404,"timeCategory":"VERY FAST","timestamp":"2026-02-02 16:22:25","url":"/cac_three-664344657.JPG"}
{"level":"info","message":"Request processed - VERY FAST: 0.37ms - GET /cac_three-664344657.JPG","method":"GET","responseTime":"0.37ms","service":"default-service-name","statusCode":404,"timeCategory":"VERY FAST","timestamp":"2026-02-02 16:22:25","url":"/cac_three-664344657.JPG"}
{"level":"info","message":"Request processed - VERY FAST: 0.26ms - GET /cac_three-664344657.JPG","method":"GET","responseTime":"0.26ms","service":"default-service-name","statusCode":404,"timeCategory":"VERY FAST","timestamp":"2026-02-02 16:22:25","url":"/cac_three-664344657.JPG"}
{"level":"info","message":"Request processed - VERY FAST: 0.19ms - GET /cac_three-664344657.JPG","method":"GET","responseTime":"0.19ms","service":"default-service-name","statusCode":404,"timeCategory":"VERY FAST","timestamp":"2026-02-02 16:22:26","url":"/cac_three-664344657.JPG"}
{"level":"info","message":"Request processed - VERY FAST: 0.24ms - GET /cac_three-664344657.JPG","method":"GET","responseTime":"0.24ms","service":"default-service-name","statusCode":404,"timeCategory":"VERY FAST","timestamp":"2026-02-02 16:22:26","url":"/cac_three-664344657.JPG"}
{"level":"info","message":"Request processed - VERY FAST: 0.17ms - GET /cac_three-664344657.JPG","method":"GET","responseTime":"0.17ms","service":"default-service-name","statusCode":404,"timeCategory":"VERY FAST","timestamp":"2026-02-02 16:22:26","url":"/cac_three-664344657.JPG"}
{"level":"info","message":"Request processed - VERY FAST: 0.17ms - GET /cac_three-664344657.JPG","method":"GET","responseTime":"0.17ms","service":"default-service-name","statusCode":404,"timeCategory":"VERY FAST","timestamp":"2026-02-02 16:22:26","url":"/cac_three-664344657.JPG"}
{"level":"info","message":"Request processed - VERY FAST: 0.33ms - GET /cac_three-664344657.JPG","method":"GET","responseTime":"0.33ms","service":"default-service-name","statusCode":404,"timeCategory":"VERY FAST","timestamp":"2026-02-02 16:22:26","url":"/cac_three-664344657.JPG"}
{"level":"info","message":"Request processed - VERY FAST: 0.28ms - GET /cac_three-664344657.JPG","method":"GET","responseTime":"0.28ms","service":"default-service-name","statusCode":404,"timeCategory":"VERY FAST","timestamp":"2026-02-02 16:22:26","url":"/cac_three-664344657.JPG"}
{"level":"info","message":"Request processed - VERY FAST: 0.21ms - GET /cac_three-664344657.JPG","method":"GET","responseTime":"0.21ms","service":"default-service-name","statusCode":404,"timeCategory":"VERY FAST","timestamp":"2026-02-02 16:22:27","url":"/cac_three-664344657.JPG"}
{"level":"info","message":"Request processed - VERY FAST: 0.27ms - GET /cac_three-664344657.JPG","method":"GET","responseTime":"0.27ms","service":"default-service-name","statusCode":404,"timeCategory":"VERY FAST","timestamp":"2026-02-02 16:22:27","url":"/cac_three-664344657.JPG"}
{"level":"info","message":"Request processed - VERY FAST: 0.23ms - GET /cac_three-664344657.JPG","method":"GET","responseTime":"0.23ms","service":"default-service-name","statusCode":404,"timeCategory":"VERY FAST","timestamp":"2026-02-02 16:22:27","url":"/cac_three-664344657.JPG"}
{"level":"info","message":"Request processed - VERY FAST: 0.24ms - GET /cac_three-248962311.JPG","method":"GET","responseTime":"0.24ms","service":"default-service-name","statusCode":404,"timeCategory":"VERY FAST","timestamp":"2026-02-02 16:22:44","url":"/cac_three-248962311.JPG"}
{"level":"info","message":"Request processed - SLOW: 500.55ms - PATCH /api/v1/user/update-profile","method":"PATCH","responseTime":"500.55ms","service":"default-service-name","statusCode":400,"timeCategory":"SLOW","timestamp":"2026-02-02 16:25:38","url":"/api/v1/user/update-profile"}
{"level":"info","message":"Request processed - SLOW: 551.77ms - PATCH /api/v1/user/update-profile","method":"PATCH","responseTime":"551.77ms","service":"default-service-name","statusCode":400,"timeCategory":"SLOW","timestamp":"2026-02-02 16:25:57","url":"/api/v1/user/update-profile"}
{"level":"info","message":"Request processed - NORMAL: 384.01ms - PATCH /api/v1/user/update-profile","method":"PATCH","responseTime":"384.01ms","service":"default-service-name","statusCode":400,"timeCategory":"NORMAL","timestamp":"2026-02-02 16:29:17","url":"/api/v1/user/update-profile"}
{"level":"info","message":"Request processed - NORMAL: 459.46ms - PATCH /api/v1/user/update-profile","method":"PATCH","responseTime":"459.46ms","service":"default-service-name","statusCode":200,"timeCategory":"NORMAL","timestamp":"2026-02-02 16:31:39","url":"/api/v1/user/update-profile"}
{"level":"info","message":"Request processed - SLOW: 505.51ms - PATCH /api/v1/user/update-profile","method":"PATCH","responseTime":"505.51ms","service":"default-service-name","statusCode":200,"timeCategory":"SLOW","timestamp":"2026-02-02 16:32:02","url":"/api/v1/user/update-profile"}
