{"level":"info","message":"Request processed - VERY_SLOW: 1841.18ms - POST /api/v1/user/signup","method":"POST","responseTime":"1841.18ms","service":"default-service-name","statusCode":201,"timeCategory":"VERY_SLOW","timestamp":"2026-02-01 16:36:33","url":"/api/v1/user/signup"}
{"alert":"SLOW_RESPONSE","level":"warn","message":"Performance concern: POST /api/v1/user/signup","responseTime":"1841.18ms","service":"default-service-name","statusCode":201,"timestamp":"2026-02-01 16:36:33"}
{"level":"info","message":"Request processed - VERY FAST: 15.04ms - POST /api/v1/user/signup","method":"POST","responseTime":"15.04ms","service":"default-service-name","statusCode":500,"timeCategory":"VERY FAST","timestamp":"2026-02-01 16:37:23","url":"/api/v1/user/signup"}
{"level":"info","message":"Request processed - VERY FAST: 15.63ms - POST /api/v1/user/signup","method":"POST","responseTime":"15.63ms","service":"default-service-name","statusCode":400,"timeCategory":"VERY FAST","timestamp":"2026-02-01 16:41:25","url":"/api/v1/user/signup"}
{"level":"info","message":"Request processed - VERY_SLOW: 1016.88ms - POST /api/v1/user/signup","method":"POST","responseTime":"1016.88ms","service":"default-service-name","statusCode":409,"timeCategory":"VERY_SLOW","timestamp":"2026-02-01 16:44:10","url":"/api/v1/user/signup"}
{"alert":"SLOW_RESPONSE","level":"warn","message":"Performance concern: POST /api/v1/user/signup","responseTime":"1016.88ms","service":"default-service-name","statusCode":409,"timestamp":"2026-02-01 16:44:10"}
{"level":"info","message":"Request processed - VERY FAST: 1.96ms - POST /api/v1/user/signup","method":"POST","responseTime":"1.96ms","service":"default-service-name","statusCode":400,"timeCategory":"VERY FAST","timestamp":"2026-02-01 16:44:24","url":"/api/v1/user/signup"}
{"level":"info","message":"Request processed - SLOW: 705.73ms - POST /api/v1/user/login","method":"POST","responseTime":"705.73ms","service":"default-service-name","statusCode":200,"timeCategory":"SLOW","timestamp":"2026-02-01 17:23:13","url":"/api/v1/user/login"}
{"level":"info","message":"Request processed - VERY_SLOW: 1152.92ms - POST /api/v1/user/login","method":"POST","responseTime":"1152.92ms","service":"default-service-name","statusCode":200,"timeCategory":"VERY_SLOW","timestamp":"2026-02-01 20:38:30","url":"/api/v1/user/login"}
{"alert":"SLOW_RESPONSE","level":"warn","message":"Performance concern: POST /api/v1/user/login","responseTime":"1152.92ms","service":"default-service-name","statusCode":200,"timestamp":"2026-02-01 20:38:30"}
{"level":"info","message":"Request processed - VERY FAST: 0.90ms - GET /api/v1/user/change-password","method":"GET","responseTime":"0.90ms","service":"default-service-name","statusCode":404,"timeCategory":"VERY FAST","timestamp":"2026-02-01 20:39:59","url":"/api/v1/user/change-password"}
{"level":"info","message":"Request processed - NORMAL: 248.57ms - PATCH /api/v1/user/change-password","method":"PATCH","responseTime":"248.57ms","service":"default-service-name","statusCode":400,"timeCategory":"NORMAL","timestamp":"2026-02-01 20:40:07","url":"/api/v1/user/change-password"}
{"level":"info","message":"Request processed - VERY_SLOW: 2848.19ms - PATCH /api/v1/user/change-password","method":"PATCH","responseTime":"2848.19ms","service":"default-service-name","statusCode":200,"timeCategory":"VERY_SLOW","timestamp":"2026-02-01 20:42:59","url":"/api/v1/user/change-password"}
{"alert":"SLOW_RESPONSE","level":"warn","message":"Performance concern: PATCH /api/v1/user/change-password","responseTime":"2848.19ms","service":"default-service-name","statusCode":200,"timestamp":"2026-02-01 20:42:59"}
{"level":"info","message":"Request processed - VERY FAST: 5.96ms - GET /api/v1/user/getme","method":"GET","responseTime":"5.96ms","service":"default-service-name","statusCode":404,"timeCategory":"VERY FAST","timestamp":"2026-02-01 21:10:47","url":"/api/v1/user/getme"}
{"level":"info","message":"Request processed - SLOW: 598.59ms - GET /api/v1/user/get-me","method":"GET","responseTime":"598.59ms","service":"default-service-name","statusCode":200,"timeCategory":"SLOW","timestamp":"2026-02-01 21:11:05","url":"/api/v1/user/get-me"}
{"level":"info","message":"Request processed - VERY FAST: 4.48ms - GET /api/v1/user/update-profile","method":"GET","responseTime":"4.48ms","service":"default-service-name","statusCode":404,"timeCategory":"VERY FAST","timestamp":"2026-02-01 21:43:17","url":"/api/v1/user/update-profile"}
{"level":"info","message":"Request processed - VERY FAST: 5.59ms - GET /api/v1/user/update-profile","method":"GET","responseTime":"5.59ms","service":"default-service-name","statusCode":404,"timeCategory":"VERY FAST","timestamp":"2026-02-01 21:43:48","url":"/api/v1/user/update-profile"}
{"level":"info","message":"Request processed - VERY FAST: 12.09ms - PATCH /api/v1/user/update-profile","method":"PATCH","responseTime":"12.09ms","service":"default-service-name","statusCode":401,"timeCategory":"VERY FAST","timestamp":"2026-02-01 21:44:01","url":"/api/v1/user/update-profile"}
{"level":"info","message":"Request processed - VERY_SLOW: 1011.60ms - PATCH /api/v1/user/update-profile","method":"PATCH","responseTime":"1011.60ms","service":"default-service-name","statusCode":200,"timeCategory":"VERY_SLOW","timestamp":"2026-02-01 21:45:45","url":"/api/v1/user/update-profile"}
{"alert":"SLOW_RESPONSE","level":"warn","message":"Performance concern: PATCH /api/v1/user/update-profile","responseTime":"1011.60ms","service":"default-service-name","statusCode":200,"timestamp":"2026-02-01 21:45:45"}
